<?xml version="1.0" encoding="UTF-8"?>
<!-- Generated by org.testng.reporters.JUnitXMLReporter -->
<testsuite ignored="0" hostname="admin123-Inspiron-3543" failures="0" tests="3" name="/home/admin123/IdeaProjects/Saruwata.site/src/CustomListener.java" time="51.822" errors="0" timestamp="2022-02-08T00:11:29 IST">
  <testcase classname="AllAds" name="test_all_ads" time="45.033"/>
  <testcase classname="AllAds" name="test_size_ads" time="0.194"/>
  <testcase classname="AllAds" name="test_search" time="6.506"/>
</testsuite> <!-- /home/admin123/IdeaProjects/Saruwata.site/src/CustomListener.java -->
